<?xml version="1.0" encoding="UTF-8"?>
<testsuite xmlns:xsi="http://www.w3.org/2001/XMLSchema-instance" xsi:noNamespaceSchemaLocation="https://maven.apache.org/surefire/maven-surefire-plugin/xsd/surefire-test-report.xsd" name="com.irm.dvdlibrary.dao.DvdLibraryDaoFileImplTest" time="0.364" tests="4" errors="0" skipped="0" failures="0">
  <properties>
[...]
</properties>
  <testcase name="testAddGetDvd" classname="com.irm.dvdlibrary.dao.DvdLibraryDaoFileImplTest" time="0.029"/>
  <testcase name="testRemoveDvd" classname="com.irm.dvdlibrary.dao.DvdLibraryDaoFileImplTest" time="0.012"/>
  <testcase name="testEditDvd" classname="com.irm.dvdlibrary.dao.DvdLibraryDaoFileImplTest" time="0.004"/>
  <testcase name="testAddGetAllDvds" classname="com.irm.dvdlibrary.dao.DvdLibraryDaoFileImplTest" time="0.006"/>
</testsuite>