<?xml version="1.0" encoding="UTF-8"?>
<testsuite xmlns:xsi="http://www.w3.org/2001/XMLSchema-instance" xsi:noNamespaceSchemaLocation="https://maven.apache.org/surefire/maven-surefire-plugin/xsd/surefire-test-report.xsd" name="com.irm.guessthenumber.data.RoundDatabaseDaoTest" time="0.057" tests="4" errors="0" skipped="0" failures="0">
  <properties>
[...]
</properties>
  <testcase name="testDeleteRound" classname="com.irm.guessthenumber.data.RoundDatabaseDaoTest" time="0"/>
  <testcase name="testAddGetRound" classname="com.irm.guessthenumber.data.RoundDatabaseDaoTest" time="0.016"/>
  <testcase name="testGetAllRounds" classname="com.irm.guessthenumber.data.RoundDatabaseDaoTest" time="0.015"/>
  <testcase name="testGetRoundsByGameId" classname="com.irm.guessthenumber.data.RoundDatabaseDaoTest" time="0.016"/>
</testsuite>